2025-07-24 00:15:01,146 [HikariPool-5:housekeeper] WARN  com.zaxxer.hikari.pool.HikariPool - HikariPool-5 - Thread starvation or clock leap detected (housekeeper delta=15m30s170ms).
2025-07-24 00:32:01,445 [HikariPool-5:housekeeper] WARN  com.zaxxer.hikari.pool.HikariPool - HikariPool-5 - Thread starvation or clock leap detected (housekeeper delta=15m30s204ms).
2025-07-24 00:49:31,763 [HikariPool-5:housekeeper] WARN  com.zaxxer.hikari.pool.HikariPool - HikariPool-5 - Thread starvation or clock leap detected (housekeeper delta=15m30s237ms).
2025-07-24 01:07:52,540 [HikariPool-5:housekeeper] WARN  com.zaxxer.hikari.pool.HikariPool - HikariPool-5 - Thread starvation or clock leap detected (housekeeper delta=2m20s515ms).
2025-07-24 01:25:22,853 [HikariPool-5:housekeeper] WARN  com.zaxxer.hikari.pool.HikariPool - HikariPool-5 - Thread starvation or clock leap detected (housekeeper delta=15m30s274ms).
2025-07-24 01:42:23,168 [HikariPool-5:housekeeper] WARN  com.zaxxer.hikari.pool.HikariPool - HikariPool-5 - Thread starvation or clock leap detected (housekeeper delta=15m30s293ms).
2025-07-24 02:16:23,659 [HikariPool-5:housekeeper] WARN  com.zaxxer.hikari.pool.HikariPool - HikariPool-5 - Thread starvation or clock leap detected (housekeeper delta=15m30s160ms).
2025-07-24 02:59:24,253 [HikariPool-5:housekeeper] WARN  com.zaxxer.hikari.pool.HikariPool - HikariPool-5 - Thread starvation or clock leap detected (housekeeper delta=14m121ms).
2025-07-24 03:14:54,485 [HikariPool-5:housekeeper] WARN  com.zaxxer.hikari.pool.HikariPool - HikariPool-5 - Thread starvation or clock leap detected (housekeeper delta=15m30s235ms).
2025-07-24 03:32:24,609 [HikariPool-5:housekeeper] WARN  com.zaxxer.hikari.pool.HikariPool - HikariPool-5 - Thread starvation or clock leap detected (housekeeper delta=15m30s106ms).
2025-07-24 04:00:21,382 [HikariPool-5:housekeeper] WARN  com.zaxxer.hikari.pool.HikariPool - HikariPool-5 - Thread starvation or clock leap detected (housekeeper delta=11m26s500ms).
2025-07-24 04:19:51,797 [HikariPool-5:housekeeper] WARN  com.zaxxer.hikari.pool.HikariPool - HikariPool-5 - Thread starvation or clock leap detected (housekeeper delta=15m30s338ms).
2025-07-24 04:36:52,083 [HikariPool-5:housekeeper] WARN  com.zaxxer.hikari.pool.HikariPool - HikariPool-5 - Thread starvation or clock leap detected (housekeeper delta=15m30s244ms).
2025-07-24 05:01:18,098 [HikariPool-5:housekeeper] WARN  com.zaxxer.hikari.pool.HikariPool - HikariPool-5 - Thread starvation or clock leap detected (housekeeper delta=7m55s691ms).
2025-07-24 05:18:48,349 [HikariPool-5:housekeeper] WARN  com.zaxxer.hikari.pool.HikariPool - HikariPool-5 - Thread starvation or clock leap detected (housekeeper delta=15m30s219ms).
2025-07-24 05:35:48,592 [HikariPool-5:housekeeper] WARN  com.zaxxer.hikari.pool.HikariPool - HikariPool-5 - Thread starvation or clock leap detected (housekeeper delta=15m30s213ms).
2025-07-24 06:17:34,025 [HikariPool-5:housekeeper] WARN  com.zaxxer.hikari.pool.HikariPool - HikariPool-5 - Thread starvation or clock leap detected (housekeeper delta=24m45s123ms).
2025-07-24 06:21:44,113 [HikariPool-5:housekeeper] WARN  com.zaxxer.hikari.pool.HikariPool - HikariPool-5 - Thread starvation or clock leap detected (housekeeper delta=4m10s90ms).
2025-07-24 06:52:16,186 [HikariPool-5:housekeeper] WARN  com.zaxxer.hikari.pool.HikariPool - HikariPool-5 - Thread starvation or clock leap detected (housekeeper delta=30m32s72ms).
2025-07-24 07:03:14,133 [HikariPool-5:housekeeper] WARN  com.zaxxer.hikari.pool.HikariPool - HikariPool-5 - Thread starvation or clock leap detected (housekeeper delta=10m57s948ms).
2025-07-24 07:18:45,152 [HikariPool-5:housekeeper] WARN  com.zaxxer.hikari.pool.HikariPool - HikariPool-5 - Thread starvation or clock leap detected (housekeeper delta=15m31s20ms).
2025-07-24 07:34:16,097 [HikariPool-5:housekeeper] WARN  com.zaxxer.hikari.pool.HikariPool - HikariPool-5 - Thread starvation or clock leap detected (housekeeper delta=15m30s945ms).
2025-07-24 07:36:39,151 [HikariPool-5:housekeeper] WARN  com.zaxxer.hikari.pool.HikariPool - HikariPool-5 - Thread starvation or clock leap detected (housekeeper delta=2m23s43ms).
2025-07-24 07:52:22,528 [File Watcher] INFO  o.s.b.d.a.LocalDevToolsAutoConfiguration$RestartingClassPathChangeChangedEventListener - Restarting due to 1 class path change (0 additions, 0 deletions, 1 modification)
2025-07-24 07:52:22,721 [Thread-19] INFO  o.s.b.w.e.tomcat.GracefulShutdown - Commencing graceful shutdown. Waiting for active requests to complete
2025-07-24 07:52:22,729 [tomcat-shutdown] INFO  o.s.b.w.e.tomcat.GracefulShutdown - Graceful shutdown complete
2025-07-24 07:52:22,806 [Thread-19] INFO  o.s.o.j.LocalContainerEntityManagerFactoryBean - Closing JPA EntityManagerFactory for persistence unit 'default'
2025-07-24 07:52:22,833 [Thread-19] INFO  com.zaxxer.hikari.HikariDataSource - HikariPool-5 - Shutdown initiated...
2025-07-24 07:52:22,861 [Thread-19] INFO  com.zaxxer.hikari.HikariDataSource - HikariPool-5 - Shutdown completed.
2025-07-24 07:52:23,155 [restartedMain] INFO  c.p.bioverify.BioverifyApplication - Starting BioverifyApplication using Java 24.0.1 with PID 57870 (/Users/scoteritemu/bioverify/backend-java/bioverify/target/classes started by scoteritemu in /Users/scoteritemu/bioverify/backend-java/bioverify)
2025-07-24 07:52:23,155 [restartedMain] DEBUG c.p.bioverify.BioverifyApplication - Running with Spring Boot v3.5.3, Spring v6.2.8
2025-07-24 07:52:23,155 [restartedMain] INFO  c.p.bioverify.BioverifyApplication - The following 1 profile is active: "local"
2025-07-24 07:52:23,489 [restartedMain] INFO  o.s.d.r.c.RepositoryConfigurationDelegate - Bootstrapping Spring Data JPA repositories in DEFAULT mode.
2025-07-24 07:52:23,502 [restartedMain] INFO  o.s.d.r.c.RepositoryConfigurationDelegate - Finished Spring Data repository scanning in 12 ms. Found 7 JPA repository interfaces.
2025-07-24 07:52:23,724 [restartedMain] INFO  o.s.b.w.e.tomcat.TomcatWebServer - Tomcat initialized with port 8080 (http)
2025-07-24 07:52:23,727 [restartedMain] INFO  o.a.catalina.core.StandardService - Starting service [Tomcat]
2025-07-24 07:52:23,727 [restartedMain] INFO  o.a.catalina.core.StandardEngine - Starting Servlet engine: [Apache Tomcat/10.1.42]
2025-07-24 07:52:23,743 [restartedMain] INFO  o.a.c.c.C.[Tomcat].[localhost].[/] - Initializing Spring embedded WebApplicationContext
2025-07-24 07:52:23,743 [restartedMain] INFO  o.s.b.w.s.c.ServletWebServerApplicationContext - Root WebApplicationContext: initialization completed in 584 ms
2025-07-24 07:52:23,840 [restartedMain] INFO  o.h.jpa.internal.util.LogHelper - HHH000204: Processing PersistenceUnitInfo [name: default]
2025-07-24 07:52:23,841 [restartedMain] INFO  o.h.c.i.RegionFactoryInitiator - HHH000026: Second-level cache disabled
2025-07-24 07:52:23,862 [restartedMain] INFO  o.s.o.j.p.SpringPersistenceUnitInfo - No LoadTimeWeaver setup: ignoring JPA class transformer
2025-07-24 07:52:23,863 [restartedMain] INFO  com.zaxxer.hikari.HikariDataSource - HikariPool-6 - Starting...
2025-07-24 07:52:23,881 [restartedMain] INFO  com.zaxxer.hikari.pool.HikariPool - HikariPool-6 - Added connection org.postgresql.jdbc.PgConnection@79880c1c
2025-07-24 07:52:23,882 [restartedMain] INFO  com.zaxxer.hikari.HikariDataSource - HikariPool-6 - Start completed.
2025-07-24 07:52:23,903 [restartedMain] WARN  org.hibernate.orm.deprecation - HHH90000025: PostgreSQLDialect does not need to be specified explicitly using 'hibernate.dialect' (remove the property setting and it will be selected by default)
2025-07-24 07:52:23,908 [restartedMain] INFO  o.hibernate.orm.connections.pooling - HHH10001005: Database info:
	Database JDBC URL [Connecting through datasource 'HikariDataSource (HikariPool-6)']
	Database driver: undefined/unknown
	Database version: 14.17
	Autocommit mode: undefined/unknown
	Isolation level: undefined/unknown
	Minimum pool size: undefined/unknown
	Maximum pool size: undefined/unknown
2025-07-24 07:52:23,991 [restartedMain] INFO  o.h.e.t.j.p.i.JtaPlatformInitiator - HHH000489: No JTA platform available (set 'hibernate.transaction.jta.platform' to enable JTA platform integration)
2025-07-24 07:52:24,384 [restartedMain] INFO  o.s.o.j.LocalContainerEntityManagerFactoryBean - Initialized JPA EntityManagerFactory for persistence unit 'default'
2025-07-24 07:52:24,483 [restartedMain] DEBUG c.p.b.config.JwtAuthenticationFilter - Filter 'jwtAuthenticationFilter' configured for use
2025-07-24 07:52:24,541 [restartedMain] INFO  o.s.s.c.a.a.c.InitializeAuthenticationProviderBeanManagerConfigurer$InitializeAuthenticationProviderManagerConfigurer - Global AuthenticationManager configured with AuthenticationProvider bean with name authenticationProvider
2025-07-24 07:52:24,541 [restartedMain] WARN  o.s.s.c.a.a.c.InitializeUserDetailsBeanManagerConfigurer$InitializeUserDetailsManagerConfigurer - Global AuthenticationManager configured with an AuthenticationProvider bean. UserDetailsService beans will not be used by Spring Security for automatically configuring username/password login. Consider removing the AuthenticationProvider bean. Alternatively, consider using the UserDetailsService in a manually instantiated DaoAuthenticationProvider. If the current configuration is intentional, to turn off this warning, increase the logging level of 'org.springframework.security.config.annotation.authentication.configuration.InitializeUserDetailsBeanManagerConfigurer' to ERROR
2025-07-24 07:52:24,571 [restartedMain] INFO  c.p.b.s.impl.LocalFileStorageService - Initializing local file storage at: /Users/scoteritemu/bioverify/backend-java/bioverify/storage/uploads
2025-07-24 07:52:24,585 [restartedMain] WARN  o.s.b.a.o.j.JpaBaseConfiguration$JpaWebConfiguration - spring.jpa.open-in-view is enabled by default. Therefore, database queries may be performed during view rendering. Explicitly configure spring.jpa.open-in-view to disable this warning
2025-07-24 07:52:24,668 [restartedMain] INFO  o.s.b.d.a.OptionalLiveReloadServer - LiveReload server is running on port 35729
2025-07-24 07:52:24,673 [restartedMain] INFO  o.s.b.w.e.tomcat.TomcatWebServer - Tomcat started on port 8080 (http) with context path '/'
2025-07-24 07:52:24,676 [restartedMain] INFO  c.p.bioverify.BioverifyApplication - Started BioverifyApplication in 1.576 seconds (process running for 25212.392)
2025-07-24 07:52:24,677 [restartedMain] INFO  o.s.b.d.a.ConditionEvaluationDeltaLoggingListener - Condition evaluation unchanged
2025-07-24 07:52:37,944 [http-nio-8080-exec-1] INFO  o.a.c.c.C.[Tomcat].[localhost].[/] - Initializing Spring DispatcherServlet 'dispatcherServlet'
2025-07-24 07:52:37,947 [http-nio-8080-exec-1] INFO  o.s.web.servlet.DispatcherServlet - Initializing Servlet 'dispatcherServlet'
2025-07-24 07:52:37,957 [http-nio-8080-exec-1] INFO  o.s.web.servlet.DispatcherServlet - Completed initialization in 10 ms
2025-07-24 08:06:56,510 [http-nio-8080-exec-1] INFO  c.p.b.s.BulkVerificationService - Starting bulk verification process for tenantId: e30303ee-bc6a-4852-a22e-835c48bb483f
2025-07-24 08:06:57,057 [http-nio-8080-exec-1] INFO  c.p.b.s.BulkVerificationService - Starting background job 0fd8e055-916e-4251-b26c-57cc80ce705c for tenantId: e30303ee-bc6a-4852-a22e-835c48bb483f
2025-07-24 08:06:57,168 [http-nio-8080-exec-1] DEBUG o.s.w.r.f.client.ExchangeFunctions - [6ae6b514] HTTP POST https://staging-api.optima.com.ng/api/v1/beneficiary-validation/bulk-inquiry
2025-07-24 08:06:57,351 [http-nio-8080-exec-1] ERROR i.n.r.d.DnsServerAddressStreamProviders - Unable to load io.netty.resolver.dns.macos.MacOSDnsServerAddressStreamProvider, fallback to system defaults. This may result in incorrect DNS resolutions on MacOS. Check whether you have a dependency on 'io.netty:netty-resolver-dns-native-macos'. Use DEBUG level to see the full stack: java.lang.UnsatisfiedLinkError: failed to load the required native library
2025-07-24 08:06:58,284 [reactor-http-nio-2] DEBUG o.s.w.r.f.client.ExchangeFunctions - [6ae6b514] [524aa243-1] Response 200 OK
2025-07-24 08:06:58,305 [http-nio-8080-exec-1] INFO  c.p.b.s.BulkVerificationService - Bulk job initiated with jobId: c905a4fd-fd75-40a8-9f50-0558d20ae9cd
2025-07-24 08:07:28,324 [http-nio-8080-exec-1] DEBUG o.s.w.r.f.client.ExchangeFunctions - [6dd35e0c] HTTP GET https://staging-api.optima.com.ng/api/v1/beneficiary-validation/bulk-inquiry/c905a4fd-fd75-40a8-9f50-0558d20ae9cd/status
2025-07-24 08:07:28,502 [reactor-http-nio-2] DEBUG o.s.w.r.f.client.ExchangeFunctions - [6dd35e0c] [524aa243-2] Response 200 OK
2025-07-24 08:07:28,518 [http-nio-8080-exec-1] INFO  c.p.b.s.BulkVerificationService - Job c905a4fd-fd75-40a8-9f50-0558d20ae9cd completed successfully.
2025-07-24 08:07:28,520 [http-nio-8080-exec-1] DEBUG o.s.w.r.f.client.ExchangeFunctions - [55748b82] HTTP GET https://fos-az1-store.nobus.io/v1/AUTH_8f6bcda6655f4a5bad6f06c1ae654d88/bulk_validation/export-c905a4fd-fd75-40a8-9f50-0558d20ae9cd.zip
2025-07-24 08:07:29,149 [reactor-http-nio-3] DEBUG o.s.w.r.f.client.ExchangeFunctions - [55748b82] [f9b926c6-1] Response 200 OK
2025-07-24 08:07:30,631 [http-nio-8080-exec-1] INFO  c.p.b.s.BulkVerificationService - Updated 112 successfully verified records and flagged 2 'not found' records.
2025-07-24 08:07:30,632 [http-nio-8080-exec-1] INFO  c.p.b.s.BulkVerificationService - Background job 0fd8e055-916e-4251-b26c-57cc80ce705c completed successfully.
2025-07-24 08:11:27,130 [task-1] INFO  c.p.bioverify.service.ExportService - Starting new payroll export process with log ID: 2b9b5817-aa70-4d68-b6d4-853eb5637c91
2025-07-24 08:11:27,270 [task-1] INFO  c.p.bioverify.service.ExportService - Found 5 records to export for tenant: e30303ee-bc6a-4852-a22e-835c48bb483f
2025-07-24 08:11:27,275 [task-1] DEBUG c.p.b.s.impl.LocalFileStorageService - Root storage path: /Users/scoteritemu/bioverify/backend-java/bioverify/storage/uploads
2025-07-24 08:11:27,275 [task-1] DEBUG c.p.b.s.impl.LocalFileStorageService - Attempting to save to destination path: /Users/scoteritemu/bioverify/backend-java/bioverify/storage/uploads/payroll-export-KW-2025-07-24_08-11-27.csv
2025-07-24 08:11:27,278 [task-1] INFO  c.p.b.s.impl.LocalFileStorageService - Saved file to: /Users/scoteritemu/bioverify/backend-java/bioverify/storage/uploads/payroll-export-KW-2025-07-24_08-11-27.csv
2025-07-24 08:11:27,429 [task-1] INFO  c.p.bioverify.service.ExportService - Successfully completed payroll export 2b9b5817-aa70-4d68-b6d4-853eb5637c91 for tenant e30303ee-bc6a-4852-a22e-835c48bb483f
2025-07-24 08:11:33,825 [http-nio-8080-exec-1] INFO  c.p.b.s.impl.LocalFileStorageService - Loading file from: /Users/scoteritemu/bioverify/backend-java/bioverify/storage/uploads/payroll-export-KW-2025-07-24_08-11-27.csv
